<?xml version="1.0" encoding="UTF-8"?>
<testsuite name="test.BoardCreation" tests="1" skipped="0" failures="0" errors="0" timestamp="2021-11-30T17:32:26" hostname="LAPTOP-BETKQUU3" time="8.528">
  <properties/>
  <testcase name="testBoardCreation3" classname="test.BoardCreation" time="8.528"/>
  <system-out><![CDATA[]]></system-out>
  <system-err><![CDATA[]]></system-err>
</testsuite>
