<?xml version="1.0" encoding="UTF-8"?>
<testsuite name="test.CardCreation" tests="1" skipped="0" failures="0" errors="0" timestamp="2021-12-02T17:43:49" hostname="LAPTOP-BETKQUU3" time="11.272">
  <properties/>
  <testcase name="cardCreation1" classname="test.CardCreation" time="11.272"/>
  <system-out><![CDATA[]]></system-out>
  <system-err><![CDATA[]]></system-err>
</testsuite>
